********************************************************************************
DUPLICATOR-LITE PACKAGE-LOG: 13.05.2025 14:56
NOTICE: Do NOT post to public sites or forums 
********************************************************************************
VERSION:	1.5.12
WORDPRESS:	6.3.1
PHP INFO:	8.2.28 | SAPI: cgi-fcgi
SERVER:		Apache/2.4.6 (CentOS) OpenSSL/1.0.2k-fips mod_fcgid/2.3.9 Phusion_Passenger/6.0.22 
PHP TIME LIMIT: (0) no time limit imposed 
PHP MAX MEMORY: 4294967296 (1024M default) 
MEMORY STACK: 16MB

********************************************************************************
DATABASE:
********************************************************************************
BUILD MODE:   MYSQLDUMP
MYSQLTIMEOUT: 5000
MYSQLDUMP:    Is Supported
SQL CREATED: wppack_0b4cc7f33428f0f96217_20250513145622_database.sql
SQL FILE SIZE: 463.15KB (474264)
SQL FILE TIME: 2025-05-13 14:56:28
SQL RUNTIME: 0.16 sec.

********************************************************************************
ARCHIVE (ZIP):
********************************************************************************
ARCHIVE DIR:  /var/www/u2835836/data/www/arbooz.keytrux.ru
ARCHIVE FILE: wppack_0b4cc7f33428f0f96217_20250513145622_archive.zip
FILTERS: *OFF*
DIRS:
	not set
FILES:
	not set
EXTS:  not set
----------------------------------------
COMPRESSING
SIZE:	106.23MB
STATS:	Dirs 1,002 | Files 6,025
SQL ADDED: wppack_0b4cc7f33428f0f96217_20250513145622_database.sql
ZipArchive Object
(
    [lastId] => 7026
    [status] => 0
    [statusSys] => 0
    [numFiles] => 7027
    [filename] => /var/www/u2835836/data/www/arbooz.keytrux.ru/wp-content/backups-dup-lite/tmp/wppack_0b4cc7f33428f0f96217_20250513145622_archive.zip
    [comment] => 
)

FILE ADDED TO ZIP: 7026
COMPRESSION RESULT: '1'
COMPRESSED SIZE: 33.23MB
ARCHIVE RUNTIME: 9.35 sec.
MEMORY STACK: 18MB
building installer
ARCHIVE CONSISTENCY TEST: PASS

********************************************************************************
INTEGRITY CHECKS:
********************************************************************************
SQL FILE: 463.15KB
INSTALLER FILE: 73.48KB
ARCHIVE FILE: 35.11MB 
EXPECTED FILE/DIRECTORY COUNT: 7,027
ACTUAL FILE/DIRECTORY COUNT: 7,026
ARCHIVE CONSISTENCY TEST: Pass

********************************************************************************
RECORD ID:[5]
TOTAL PROCESS RUNTIME: 10.43 sec.
PEAK PHP MEMORY USED: 18MB
DONE PROCESSING => wppack 13.05.2025 14:56

